[2026-06-01 16:42:34.844] [OPAAX_Engine] [info] Log system initialized!
[2026-06-01 16:42:34.846] [OPAAX_Engine] [info] OpaaxPath::Init() — base path: W:/Projet_Perso/Engines/OpaaxEngine/build/debug-editor/bin/Debug
[2026-06-01 16:42:34.846] [OPAAX_Engine] [info] OpaaxPath::Init() — project root: W:/Projet_Perso/Engines/OpaaxEngine
[2026-06-01 16:42:34.846] [OPAAX_Engine] [info] EngineConfig: loaded 'W:/Projet_Perso/Engines/OpaaxEngine/engine.config.json' (window=1280x720, log=trace, backend=Vulkan)
[2026-06-01 16:42:34.847] [OPAAX_Engine] [info] ProjectConfig: loaded 'W:/Projet_Perso/Engines/OpaaxEngine/Game/Game.opaaxproj' (name='Game', assets='Game/Assets')
[2026-06-01 16:42:34.847] [OPAAX_Engine] [trace] CoreEngineApp created
[2026-06-01 16:42:34.848] [OPAAX_Engine] [info] Creating window Opaax Engine (1280, 720)
[2026-06-01 16:42:34.870] [OPAAX_Engine] [warning] RenderAPI: 'Vulkan' requested but this is an editor build — the editor UI backend is OpenGL-only until M8 Phase 4. Forcing OpenGL.
[2026-06-01 16:42:36.316] [APP] [trace] ==================================
[2026-06-01 16:42:36.316] [APP] [trace] Opaax Engine - Game Start
[2026-06-01 16:42:36.316] [APP] [trace] ==================================
[2026-06-01 16:42:36.316] [OPAAX_Engine] [trace] CoreEngineApp::Initialize()
[2026-06-01 16:42:36.316] [OPAAX_Engine] [trace] Loading engine assets...
[2026-06-01 16:42:36.316] [OPAAX_Engine] [trace] AssetLoaderRegistry: registered loader for 'class Opaax::Texture2D'
[2026-06-01 16:42:36.316] [OPAAX_Engine] [trace] AssetLoaderRegistry: registered loader for 'class Opaax::SceneAsset'
[2026-06-01 16:42:36.316] [OPAAX_Engine] [trace] AssetLoaderRegistry: registered loader for 'class Opaax::FontAsset'
[2026-06-01 16:42:36.316] [OPAAX_Engine] [trace] AssetLoaderRegistry: registered loader for 'class Opaax::ShaderAsset'
[2026-06-01 16:42:36.316] [OPAAX_Engine] [trace] ComponentRegistry: registered 'TagComponent'.
[2026-06-01 16:42:36.316] [OPAAX_Engine] [trace] ComponentRegistry: registered 'UuidComponent'.
[2026-06-01 16:42:36.316] [OPAAX_Engine] [trace] ComponentRegistry: registered 'TransformComponent'.
[2026-06-01 16:42:36.316] [OPAAX_Engine] [trace] ComponentRegistry: registered 'SpriteComponent'.
[2026-06-01 16:42:36.316] [OPAAX_Engine] [trace] ComponentRegistry: registered 'ParentComponent'.
[2026-06-01 16:42:36.317] [OPAAX_Engine] [trace] SceneFactory: registered 'Untitled'.
[2026-06-01 16:42:36.321] [OPAAX_Engine] [info] AssetManifest: loaded 57 entry/entries from 'W:/Projet_Perso/Engines/OpaaxEngine/Engine/Assets/AssetManifest.json'
[2026-06-01 16:42:36.322] [OPAAX_Engine] [info] AssetManifest: loaded 4 entry/entries from 'W:/Projet_Perso/Engines/OpaaxEngine/Game/Assets/AssetManifest.json'
[2026-06-01 16:42:36.322] [APP] [trace] ==================================
[2026-06-01 16:42:36.322] [APP] [trace] [Opaax Engine] [MyGame] Initialize - Game starting!
[2026-06-01 16:42:36.322] [APP] [trace] ==================================
[2026-06-01 16:42:36.322] [OPAAX_Engine] [trace] SceneFactory: registered 'GameScene'.
[2026-06-01 16:42:36.322] [OPAAX_Engine] [trace] CoreEngineApp::Startup()
[2026-06-01 16:42:36.323] [OPAAX_Engine] [info] JobSubsystem::Startup — 15 worker(s) (hardware 16, reserved 1)
[2026-06-01 16:42:36.323] [OPAAX_Engine] [info] RenderSubsystem::Startup()
[2026-06-01 16:42:36.323] [OPAAX_Engine] [warning] RenderAPI: 'Vulkan' requested but this is an editor build — the editor UI backend is OpenGL-only until M8 Phase 4. Forcing OpenGL.
[2026-06-01 16:42:36.323] [OPAAX_Engine] [info] RenderSubsystem: render backend = OpenGL
[2026-06-01 16:42:36.323] [OPAAX_Engine] [info] OpenGL Renderer: NVIDIA GeForce GTX 1070/PCIe/SSE2
[2026-06-01 16:42:36.323] [OPAAX_Engine] [info] OpenGL Version:  4.6.0 NVIDIA 581.80
[2026-06-01 16:42:36.323] [OPAAX_Engine] [info] Renderer2D::Init()
[2026-06-01 16:42:37.370] [OPAAX_Engine] [info] CameraSubsystem::Startup()
[2026-06-01 16:42:37.370] [OPAAX_Engine] [info] InputSubsystem::Startup()
[2026-06-01 16:42:37.370] [OPAAX_Engine] [info] SceneManager::Startup()
[2026-06-01 16:42:37.370] [OPAAX_Engine] [info] EditorSubsystem::Startup()
[2026-06-01 16:42:37.371] [OPAAX_Engine] [warning] RenderAPI: 'Vulkan' requested but this is an editor build — the editor UI backend is OpenGL-only until M8 Phase 4. Forcing OpenGL.
[2026-06-01 16:42:37.373] [OPAAX_Engine] [info] ViewportPanel::Startup() — FBO 1x1
[2026-06-01 16:42:37.373] [OPAAX_Engine] [trace] EditorSubsystem: asset type actions registered.
[2026-06-01 16:42:37.373] [OPAAX_Engine] [trace] EditorSubsystem: component drawers registered.
[2026-06-01 16:42:37.373] [OPAAX_Engine] [info] AssetScanner: scanning 'W:/Projet_Perso/Engines/OpaaxEngine/Game/Assets'...
[2026-06-01 16:42:37.374] [OPAAX_Engine] [trace] AssetScanner: 'AssetManifest' already in manifest, preserved.
[2026-06-01 16:42:37.375] [OPAAX_Engine] [trace] AssetScanner: 'Scenes/GameScene' already in manifest, preserved.
[2026-06-01 16:42:37.375] [OPAAX_Engine] [trace] AssetScanner: 'Scenes/Test' already in manifest, preserved.
[2026-06-01 16:42:37.376] [OPAAX_Engine] [trace] AssetScanner: 'Scenes/untitled' already in manifest, preserved.
[2026-06-01 16:42:37.378] [OPAAX_Engine] [info] AssetScanner: manifest saved to 'W:/Projet_Perso/Engines/OpaaxEngine/Game/Assets/AssetManifest.json'
[2026-06-01 16:42:37.378] [OPAAX_Engine] [info] AssetScanner: done — added=0 existing=4 missing=0 skipped=0
[2026-06-01 16:42:37.378] [OPAAX_Engine] [info] AssetBrowserPanel: scan 'Game/Assets' — +0 new, 4 existing, 0 missing
[2026-06-01 16:42:37.378] [OPAAX_Engine] [info] AssetScanner: scanning 'W:/Projet_Perso/Engines/OpaaxEngine/Engine/Assets'...
[2026-06-01 16:42:37.379] [OPAAX_Engine] [trace] AssetScanner: 'AssetManifest' already in manifest, preserved.
[2026-06-01 16:42:37.380] [OPAAX_Engine] [trace] AssetScanner: 'Fonts/Roboto-Black' already in manifest, preserved.
[2026-06-01 16:42:37.381] [OPAAX_Engine] [trace] AssetScanner: 'Fonts/Roboto-BlackItalic' already in manifest, preserved.
[2026-06-01 16:42:37.382] [OPAAX_Engine] [trace] AssetScanner: 'Fonts/Roboto-Bold' already in manifest, preserved.
[2026-06-01 16:42:37.382] [OPAAX_Engine] [trace] AssetScanner: 'Fonts/Roboto-BoldItalic' already in manifest, preserved.
[2026-06-01 16:42:37.383] [OPAAX_Engine] [trace] AssetScanner: 'Fonts/Roboto-ExtraBold' already in manifest, preserved.
[2026-06-01 16:42:37.384] [OPAAX_Engine] [trace] AssetScanner: 'Fonts/Roboto-ExtraBoldItalic' already in manifest, preserved.
[2026-06-01 16:42:37.384] [OPAAX_Engine] [trace] AssetScanner: 'Fonts/Roboto-ExtraLight' already in manifest, preserved.
[2026-06-01 16:42:37.385] [OPAAX_Engine] [trace] AssetScanner: 'Fonts/Roboto-ExtraLightItalic' already in manifest, preserved.
[2026-06-01 16:42:37.386] [OPAAX_Engine] [trace] AssetScanner: 'Fonts/Roboto-Italic' already in manifest, preserved.
[2026-06-01 16:42:37.386] [OPAAX_Engine] [trace] AssetScanner: 'Fonts/Roboto-Light' already in manifest, preserved.
[2026-06-01 16:42:37.387] [OPAAX_Engine] [trace] AssetScanner: 'Fonts/Roboto-LightItalic' already in manifest, preserved.
[2026-06-01 16:42:37.388] [OPAAX_Engine] [trace] AssetScanner: 'Fonts/Roboto-Medium' already in manifest, preserved.
[2026-06-01 16:42:37.388] [OPAAX_Engine] [trace] AssetScanner: 'Fonts/Roboto-MediumItalic' already in manifest, preserved.
[2026-06-01 16:42:37.389] [OPAAX_Engine] [trace] AssetScanner: 'Fonts/Roboto-Regular' already in manifest, preserved.
[2026-06-01 16:42:37.390] [OPAAX_Engine] [trace] AssetScanner: 'Fonts/Roboto-SemiBold' already in manifest, preserved.
[2026-06-01 16:42:37.391] [OPAAX_Engine] [trace] AssetScanner: 'Fonts/Roboto-SemiBoldItalic' already in manifest, preserved.
[2026-06-01 16:42:37.391] [OPAAX_Engine] [trace] AssetScanner: 'Fonts/Roboto-Thin' already in manifest, preserved.
[2026-06-01 16:42:37.392] [OPAAX_Engine] [trace] AssetScanner: 'Fonts/Roboto-ThinItalic' already in manifest, preserved.
[2026-06-01 16:42:37.393] [OPAAX_Engine] [trace] AssetScanner: 'Fonts/Roboto_Condensed-Black' already in manifest, preserved.
[2026-06-01 16:42:37.393] [OPAAX_Engine] [trace] AssetScanner: 'Fonts/Roboto_Condensed-BlackItalic' already in manifest, preserved.
[2026-06-01 16:42:37.394] [OPAAX_Engine] [trace] AssetScanner: 'Fonts/Roboto_Condensed-Bold' already in manifest, preserved.
[2026-06-01 16:42:37.395] [OPAAX_Engine] [trace] AssetScanner: 'Fonts/Roboto_Condensed-BoldItalic' already in manifest, preserved.
[2026-06-01 16:42:37.395] [OPAAX_Engine] [trace] AssetScanner: 'Fonts/Roboto_Condensed-ExtraBold' already in manifest, preserved.
[2026-06-01 16:42:37.396] [OPAAX_Engine] [trace] AssetScanner: 'Fonts/Roboto_Condensed-ExtraBoldItalic' already in manifest, preserved.
[2026-06-01 16:42:37.397] [OPAAX_Engine] [trace] AssetScanner: 'Fonts/Roboto_Condensed-ExtraLight' already in manifest, preserved.
[2026-06-01 16:42:37.398] [OPAAX_Engine] [trace] AssetScanner: 'Fonts/Roboto_Condensed-ExtraLightItalic' already in manifest, preserved.
[2026-06-01 16:42:37.398] [OPAAX_Engine] [trace] AssetScanner: 'Fonts/Roboto_Condensed-Italic' already in manifest, preserved.
[2026-06-01 16:42:37.399] [OPAAX_Engine] [trace] AssetScanner: 'Fonts/Roboto_Condensed-Light' already in manifest, preserved.
[2026-06-01 16:42:37.400] [OPAAX_Engine] [trace] AssetScanner: 'Fonts/Roboto_Condensed-LightItalic' already in manifest, preserved.
[2026-06-01 16:42:37.400] [OPAAX_Engine] [trace] AssetScanner: 'Fonts/Roboto_Condensed-Medium' already in manifest, preserved.
[2026-06-01 16:42:37.401] [OPAAX_Engine] [trace] AssetScanner: 'Fonts/Roboto_Condensed-MediumItalic' already in manifest, preserved.
[2026-06-01 16:42:37.402] [OPAAX_Engine] [trace] AssetScanner: 'Fonts/Roboto_Condensed-Regular' already in manifest, preserved.
[2026-06-01 16:42:37.402] [OPAAX_Engine] [trace] AssetScanner: 'Fonts/Roboto_Condensed-SemiBold' already in manifest, preserved.
[2026-06-01 16:42:37.403] [OPAAX_Engine] [trace] AssetScanner: 'Fonts/Roboto_Condensed-SemiBoldItalic' already in manifest, preserved.
[2026-06-01 16:42:37.404] [OPAAX_Engine] [trace] AssetScanner: 'Fonts/Roboto_Condensed-Thin' already in manifest, preserved.
[2026-06-01 16:42:37.405] [OPAAX_Engine] [trace] AssetScanner: 'Fonts/Roboto_Condensed-ThinItalic' already in manifest, preserved.
[2026-06-01 16:42:37.405] [OPAAX_Engine] [trace] AssetScanner: 'Fonts/Roboto_SemiCondensed-Black' already in manifest, preserved.
[2026-06-01 16:42:37.406] [OPAAX_Engine] [trace] AssetScanner: 'Fonts/Roboto_SemiCondensed-BlackItalic' already in manifest, preserved.
[2026-06-01 16:42:37.407] [OPAAX_Engine] [trace] AssetScanner: 'Fonts/Roboto_SemiCondensed-Bold' already in manifest, preserved.
[2026-06-01 16:42:37.407] [OPAAX_Engine] [trace] AssetScanner: 'Fonts/Roboto_SemiCondensed-BoldItalic' already in manifest, preserved.
[2026-06-01 16:42:37.408] [OPAAX_Engine] [trace] AssetScanner: 'Fonts/Roboto_SemiCondensed-ExtraBold' already in manifest, preserved.
[2026-06-01 16:42:37.409] [OPAAX_Engine] [trace] AssetScanner: 'Fonts/Roboto_SemiCondensed-ExtraBoldItalic' already in manifest, preserved.
[2026-06-01 16:42:37.410] [OPAAX_Engine] [trace] AssetScanner: 'Fonts/Roboto_SemiCondensed-ExtraLight' already in manifest, preserved.
[2026-06-01 16:42:37.410] [OPAAX_Engine] [trace] AssetScanner: 'Fonts/Roboto_SemiCondensed-ExtraLightItalic' already in manifest, preserved.
[2026-06-01 16:42:37.411] [OPAAX_Engine] [trace] AssetScanner: 'Fonts/Roboto_SemiCondensed-Italic' already in manifest, preserved.
[2026-06-01 16:42:37.412] [OPAAX_Engine] [trace] AssetScanner: 'Fonts/Roboto_SemiCondensed-Light' already in manifest, preserved.
[2026-06-01 16:42:37.413] [OPAAX_Engine] [trace] AssetScanner: 'Fonts/Roboto_SemiCondensed-LightItalic' already in manifest, preserved.
[2026-06-01 16:42:37.413] [OPAAX_Engine] [trace] AssetScanner: 'Fonts/Roboto_SemiCondensed-Medium' already in manifest, preserved.
[2026-06-01 16:42:37.414] [OPAAX_Engine] [trace] AssetScanner: 'Fonts/Roboto_SemiCondensed-MediumItalic' already in manifest, preserved.
[2026-06-01 16:42:37.415] [OPAAX_Engine] [trace] AssetScanner: 'Fonts/Roboto_SemiCondensed-Regular' already in manifest, preserved.
[2026-06-01 16:42:37.415] [OPAAX_Engine] [trace] AssetScanner: 'Fonts/Roboto_SemiCondensed-SemiBold' already in manifest, preserved.
[2026-06-01 16:42:37.416] [OPAAX_Engine] [trace] AssetScanner: 'Fonts/Roboto_SemiCondensed-SemiBoldItalic' already in manifest, preserved.
[2026-06-01 16:42:37.417] [OPAAX_Engine] [trace] AssetScanner: 'Fonts/Roboto_SemiCondensed-Thin' already in manifest, preserved.
[2026-06-01 16:42:37.418] [OPAAX_Engine] [trace] AssetScanner: 'Fonts/Roboto_SemiCondensed-ThinItalic' already in manifest, preserved.
[2026-06-01 16:42:37.419] [OPAAX_Engine] [trace] AssetScanner: 'Shaders/Sprite' already in manifest, preserved.
[2026-06-01 16:42:37.419] [OPAAX_Engine] [trace] AssetScanner: 'Textures/Player' already in manifest, preserved.
[2026-06-01 16:42:37.420] [OPAAX_Engine] [trace] AssetScanner: 'Textures/PlayerSheet' already in manifest, preserved.
[2026-06-01 16:42:37.424] [OPAAX_Engine] [info] AssetScanner: manifest saved to 'W:/Projet_Perso/Engines/OpaaxEngine/Engine/Assets/AssetManifest.json'
[2026-06-01 16:42:37.425] [OPAAX_Engine] [info] AssetScanner: done — added=0 existing=58 missing=0 skipped=0
[2026-06-01 16:42:37.425] [OPAAX_Engine] [info] AssetBrowserPanel: scan 'Engine/Assets' — +0 new, 58 existing, 0 missing
[2026-06-01 16:42:37.425] [OPAAX_Engine] [info] CameraSubsystem - active camera swapped (non-owning).
[2026-06-01 16:42:37.425] [OPAAX_Engine] [info] EditorSubsystem: EditorCamera installed as active (non-owning).
[2026-06-01 16:42:37.425] [OPAAX_Engine] [info] EditorSubsystem: ready.
[2026-06-01 16:42:37.425] [OPAAX_Engine] [info] CameraControllerSystem::Startup()
[2026-06-01 16:42:37.425] [OPAAX_Engine] [info] GameSubsystemBase::Startup Is Engine Valid:true
[2026-06-01 16:42:37.425] [APP] [trace] [MyGame] OnStartup
[2026-06-01 16:42:37.425] [OPAAX_Engine] [trace] SceneManager::Push — loading 'GameScene' (SceneID=1).
[2026-06-01 16:42:37.425] [APP] [trace] [GameScene] OnLoad
[2026-06-01 16:42:37.425] [APP] [trace] [GameScene] Loading from file: W:/Projet_Perso/Engines/OpaaxEngine/Game/Assets/Scenes/GameScene.scene.json
[2026-06-01 16:42:37.427] [OPAAX_Engine] [trace] World::CreateEntity 'AtlasSprite' — id=0 sceneId=1
[2026-06-01 16:42:37.433] [OPAAX_Engine] [info] AssetRegistry: loaded 'W:/Projet_Perso/Engines/OpaaxEngine/Engine/Assets/Textures/PlayerSheet.png' as 'Textures/PlayerSheet'
[2026-06-01 16:42:37.434] [OPAAX_Engine] [trace] World::CreateEntity 'Player' — id=1 sceneId=1
[2026-06-01 16:42:37.435] [OPAAX_Engine] [info] AssetRegistry: loaded 'W:/Projet_Perso/Engines/OpaaxEngine/Engine/Assets/Textures/Player.png' as 'Textures/Player'
[2026-06-01 16:42:37.435] [OPAAX_Engine] [info] SceneSerializer: loaded 'W:/Projet_Perso/Engines/OpaaxEngine/Game/Assets/Scenes/GameScene.scene.json' (2 entities, 0 parent links).
[2026-06-01 16:42:37.435] [OPAAX_Engine] [info] AssetRegistry: loaded 'W:/Projet_Perso/Engines/OpaaxEngine/Game/Assets/Scenes/GameScene.scene.json' as 'Scenes/GameScene'
[2026-06-01 16:42:37.435] [OPAAX_Engine] [trace] CoreEngineApp::Run() — entering game loop
[2026-06-01 16:42:37.452] [OPAAX_Engine] [trace] ViewportPanel: resized to 32x13
[2026-06-01 16:42:37.452] [OPAAX_Engine] [trace] EditorSubsystem: viewport resized to 32x13 — syncing camera.
